Build started 2017-03-09 23:46:00.
     1>Project "C:\Users\Funny\Desktop\CubeOpenGL\CubeOpenGL\CubeOpenGL.vcxproj" on node 2 (Build target(s)).
     1>ClCompile:
         C:\Program Files (x86)\Microsoft Visual Studio 11.0\VC\bin\CL.exe /c /I"C:\Users\Funny\Desktop\openGL\glew-1.11.0\include" /IC:\Users\Funny\Desktop\openGL\freeglut\include /ZI /nologo /W3 /WX- /Od /Oy- /D _MBCS /Gm /EHsc /RTC1 /MDd /GS /fp:precise /Zc:wchar_t /Zc:forScope /Fo"Debug\\" /Fd"Debug\vc110.pdb" /Gd /TP /analyze- /errorReport:prompt main.cpp
         main.cpp
     1>c:\users\funny\desktop\cubeopengl\cubeopengl\main.cpp(25): warning C4305: 'argument' : truncation from 'double' to 'GLfloat'
     1>c:\users\funny\desktop\cubeopengl\cubeopengl\main.cpp(26): warning C4305: 'argument' : truncation from 'double' to 'GLfloat'
     1>c:\users\funny\desktop\cubeopengl\cubeopengl\main.cpp(27): warning C4305: 'argument' : truncation from 'double' to 'GLfloat'
     1>c:\users\funny\desktop\cubeopengl\cubeopengl\main.cpp(28): warning C4305: 'argument' : truncation from 'double' to 'GLfloat'
     1>c:\users\funny\desktop\cubeopengl\cubeopengl\main.cpp(29): warning C4305: 'argument' : truncation from 'double' to 'GLfloat'
     1>c:\users\funny\desktop\cubeopengl\cubeopengl\main.cpp(30): warning C4305: 'argument' : truncation from 'double' to 'GLfloat'
     1>c:\users\funny\desktop\cubeopengl\cubeopengl\main.cpp(31): warning C4305: 'argument' : truncation from 'double' to 'GLfloat'
     1>c:\users\funny\desktop\cubeopengl\cubeopengl\main.cpp(32): warning C4305: 'argument' : truncation from 'double' to 'GLfloat'
     1>c:\users\funny\desktop\cubeopengl\cubeopengl\main.cpp(33): warning C4305: 'argument' : truncation from 'double' to 'GLfloat'
     1>c:\users\funny\desktop\cubeopengl\cubeopengl\main.cpp(34): warning C4305: 'argument' : truncation from 'double' to 'GLfloat'
     1>c:\users\funny\desktop\cubeopengl\cubeopengl\main.cpp(35): warning C4305: 'argument' : truncation from 'double' to 'GLfloat'
     1>c:\users\funny\desktop\cubeopengl\cubeopengl\main.cpp(36): warning C4305: 'argument' : truncation from 'double' to 'GLfloat'
     1>c:\users\funny\desktop\cubeopengl\cubeopengl\main.cpp(37): warning C4305: 'argument' : truncation from 'double' to 'GLfloat'
     1>c:\users\funny\desktop\cubeopengl\cubeopengl\main.cpp(38): warning C4305: 'argument' : truncation from 'double' to 'GLfloat'
     1>c:\users\funny\desktop\cubeopengl\cubeopengl\main.cpp(39): warning C4305: 'argument' : truncation from 'double' to 'GLfloat'
     1>c:\users\funny\desktop\cubeopengl\cubeopengl\main.cpp(40): warning C4305: 'argument' : truncation from 'double' to 'GLfloat'
     1>c:\users\funny\desktop\cubeopengl\cubeopengl\main.cpp(41): warning C4305: 'argument' : truncation from 'double' to 'GLfloat'
     1>c:\users\funny\desktop\cubeopengl\cubeopengl\main.cpp(42): warning C4305: 'argument' : truncation from 'double' to 'GLfloat'
     1>c:\users\funny\desktop\cubeopengl\cubeopengl\main.cpp(43): warning C4305: 'argument' : truncation from 'double' to 'GLfloat'
     1>c:\users\funny\desktop\cubeopengl\cubeopengl\main.cpp(44): warning C4305: 'argument' : truncation from 'double' to 'GLfloat'
     1>c:\users\funny\desktop\cubeopengl\cubeopengl\main.cpp(45): warning C4305: 'argument' : truncation from 'double' to 'GLfloat'
     1>c:\users\funny\desktop\cubeopengl\cubeopengl\main.cpp(46): warning C4305: 'argument' : truncation from 'double' to 'GLfloat'
     1>c:\users\funny\desktop\cubeopengl\cubeopengl\main.cpp(47): warning C4305: 'argument' : truncation from 'double' to 'GLfloat'
     1>c:\users\funny\desktop\cubeopengl\cubeopengl\main.cpp(48): warning C4305: 'argument' : truncation from 'double' to 'GLfloat'
     1>c:\users\funny\desktop\cubeopengl\cubeopengl\main.cpp(51): warning C4305: 'argument' : truncation from 'double' to 'GLfloat'
     1>c:\users\funny\desktop\cubeopengl\cubeopengl\main.cpp(55): warning C4305: 'argument' : truncation from 'double' to 'GLfloat'
     1>c:\users\funny\desktop\cubeopengl\cubeopengl\main.cpp(56): warning C4305: 'argument' : truncation from 'double' to 'GLfloat'
     1>c:\users\funny\desktop\cubeopengl\cubeopengl\main.cpp(57): warning C4305: 'argument' : truncation from 'double' to 'GLfloat'
     1>c:\users\funny\desktop\cubeopengl\cubeopengl\main.cpp(58): warning C4305: 'argument' : truncation from 'double' to 'GLfloat'
     1>c:\users\funny\desktop\cubeopengl\cubeopengl\main.cpp(59): warning C4305: 'argument' : truncation from 'double' to 'GLfloat'
     1>c:\users\funny\desktop\cubeopengl\cubeopengl\main.cpp(60): warning C4305: 'argument' : truncation from 'double' to 'GLfloat'
     1>c:\users\funny\desktop\cubeopengl\cubeopengl\main.cpp(61): warning C4305: 'argument' : truncation from 'double' to 'GLfloat'
     1>c:\users\funny\desktop\cubeopengl\cubeopengl\main.cpp(62): warning C4305: 'argument' : truncation from 'double' to 'GLfloat'
     1>c:\users\funny\desktop\cubeopengl\cubeopengl\main.cpp(63): warning C4305: 'argument' : truncation from 'double' to 'GLfloat'
     1>c:\users\funny\desktop\cubeopengl\cubeopengl\main.cpp(64): warning C4305: 'argument' : truncation from 'double' to 'GLfloat'
     1>c:\users\funny\desktop\cubeopengl\cubeopengl\main.cpp(65): warning C4305: 'argument' : truncation from 'double' to 'GLfloat'
     1>c:\users\funny\desktop\cubeopengl\cubeopengl\main.cpp(66): warning C4305: 'argument' : truncation from 'double' to 'GLfloat'
     1>c:\users\funny\desktop\cubeopengl\cubeopengl\main.cpp(67): warning C4305: 'argument' : truncation from 'double' to 'GLfloat'
     1>c:\users\funny\desktop\cubeopengl\cubeopengl\main.cpp(68): warning C4305: 'argument' : truncation from 'double' to 'GLfloat'
     1>c:\users\funny\desktop\cubeopengl\cubeopengl\main.cpp(69): warning C4305: 'argument' : truncation from 'double' to 'GLfloat'
     1>c:\users\funny\desktop\cubeopengl\cubeopengl\main.cpp(70): warning C4305: 'argument' : truncation from 'double' to 'GLfloat'
     1>c:\users\funny\desktop\cubeopengl\cubeopengl\main.cpp(71): warning C4305: 'argument' : truncation from 'double' to 'GLfloat'
     1>c:\users\funny\desktop\cubeopengl\cubeopengl\main.cpp(72): warning C4305: 'argument' : truncation from 'double' to 'GLfloat'
     1>c:\users\funny\desktop\cubeopengl\cubeopengl\main.cpp(73): warning C4305: 'argument' : truncation from 'double' to 'GLfloat'
     1>c:\users\funny\desktop\cubeopengl\cubeopengl\main.cpp(74): warning C4305: 'argument' : truncation from 'double' to 'GLfloat'
     1>c:\users\funny\desktop\cubeopengl\cubeopengl\main.cpp(75): warning C4305: 'argument' : truncation from 'double' to 'GLfloat'
     1>c:\users\funny\desktop\cubeopengl\cubeopengl\main.cpp(76): warning C4305: 'argument' : truncation from 'double' to 'GLfloat'
     1>c:\users\funny\desktop\cubeopengl\cubeopengl\main.cpp(77): warning C4305: 'argument' : truncation from 'double' to 'GLfloat'
     1>c:\users\funny\desktop\cubeopengl\cubeopengl\main.cpp(78): warning C4305: 'argument' : truncation from 'double' to 'GLfloat'
     1>c:\users\funny\desktop\cubeopengl\cubeopengl\main.cpp(87): warning C4305: '=' : truncation from 'double' to 'float'
     1>c:\users\funny\desktop\cubeopengl\cubeopengl\main.cpp(89): warning C4305: '=' : truncation from 'double' to 'float'
     1>c:\users\funny\desktop\cubeopengl\cubeopengl\main.cpp(95): warning C4305: '=' : truncation from 'double' to 'float'
     1>c:\users\funny\desktop\cubeopengl\cubeopengl\main.cpp(97): warning C4305: '=' : truncation from 'double' to 'float'
       Link:
         C:\Program Files (x86)\Microsoft Visual Studio 11.0\VC\bin\link.exe /ERRORREPORT:PROMPT /OUT:"C:\Users\Funny\Desktop\CubeOpenGL\Debug\CubeOpenGL.exe" /INCREMENTAL /NOLOGO /LIBPATH:"C:\Users\Funny\Desktop\openGL\glew-1.11.0\lib" /LIBPATH:C:\Users\Funny\Desktop\openGL\freeglut\lib freeglut.lib glew32.lib kernel32.lib user32.lib gdi32.lib winspool.lib comdlg32.lib advapi32.lib shell32.lib ole32.lib oleaut32.lib uuid.lib odbc32.lib odbccp32.lib /MANIFEST /MANIFESTUAC:"level='asInvoker' uiAccess='false'" /manifest:embed /DEBUG /PDB:"C:\Users\Funny\Desktop\CubeOpenGL\Debug\CubeOpenGL.pdb" /TLBID:1 /DYNAMICBASE /NXCOMPAT /IMPLIB:"C:\Users\Funny\Desktop\CubeOpenGL\Debug\CubeOpenGL.lib" /MACHINE:X86 Debug\main.obj
         CubeOpenGL.vcxproj -> C:\Users\Funny\Desktop\CubeOpenGL\Debug\CubeOpenGL.exe
     1>Done Building Project "C:\Users\Funny\Desktop\CubeOpenGL\CubeOpenGL\CubeOpenGL.vcxproj" (Build target(s)).

Build succeeded.

Time Elapsed 00:00:01.26
